<?xml version="1.0" encoding="UTF-8"?>
<!-- Generated by org.testng.reporters.JUnitReportReporter -->
<testsuite hostname="DESKTOP-GICHNOE" failures="0" tests="1" name="TestNg.Annotation_Test" time="0.024" errors="0" timestamp="2023-10-06T10:33:50 IST" skipped="0">
  <testcase classname="TestNg.Annotation_Test" name="m1" time="0.024">
    <system-out>
      <![CDATA[this first]]>
    </system-out>
  </testcase> <!-- m1 -->
  <system-out>
    <![CDATA[this first]]>
  </system-out>
</testsuite> <!-- TestNg.Annotation_Test -->
