<?xml version="1.0" encoding="UTF-8"?>
<!-- Generated by org.testng.reporters.JUnitReportReporter -->
<testsuite hostname="DESKTOP-GICHNOE" failures="0" tests="1" name="Module2_RegisterPage_Test.tutorialsninja_RegisterPage_Test" time="4.853" errors="0" timestamp="2023-10-10T15:17:57 IST" skipped="0">
  <testcase classname="Module2_RegisterPage_Test.tutorialsninja_RegisterPage_Test" name="verifyRegisteraccountCreated" time="4.853"/>
</testsuite> <!-- Module2_RegisterPage_Test.tutorialsninja_RegisterPage_Test -->
