<?xml version="1.0" encoding="UTF-8"?>
<!-- Generated by org.testng.reporters.JUnitReportReporter -->
<testsuite hostname="DESKTOP-GICHNOE" failures="0" tests="2" name="Module1_HomePage_Test.tutorialsninja_HomePage_Test" time="1.755" errors="0" timestamp="2023-10-08T16:48:09 IST" skipped="0">
  <testcase classname="Module1_HomePage_Test.tutorialsninja_HomePage_Test" name="verifyMyaccount_login" time="1.680"/>
  <testcase classname="Module1_HomePage_Test.tutorialsninja_HomePage_Test" name="verifyaccount" time="0.075"/>
</testsuite> <!-- Module1_HomePage_Test.tutorialsninja_HomePage_Test -->
