<?xml version="1.0" encoding="UTF-8"?>
<!-- Generated by org.testng.reporters.JUnitReportReporter -->
<testsuite hostname="DESKTOP-GICHNOE" failures="0" tests="1" name="Module1_LoginPage_Test.tutorialsninja_HomePage_Test" time="2.381" errors="0" timestamp="2023-10-13T15:45:59 IST" skipped="0">
  <testcase classname="Module1_LoginPage_Test.tutorialsninja_HomePage_Test" name="verifyaccount" time="2.381"/>
</testsuite> <!-- Module1_LoginPage_Test.tutorialsninja_HomePage_Test -->
