<?xml version="1.0" encoding="UTF-8"?>
<!-- Generated by org.testng.reporters.JUnitReportReporter -->
<testsuite hostname="DESKTOP-GICHNOE" failures="0" tests="1" name="Moduel3_SearchProduct_Test.tutorialsninja_SearchProduct_Test" time="6.142" errors="0" timestamp="2023-10-13T15:45:59 IST" skipped="0">
  <testcase classname="Moduel3_SearchProduct_Test.tutorialsninja_SearchProduct_Test" name="SearchtheProduct" time="6.142"/>
</testsuite> <!-- Moduel3_SearchProduct_Test.tutorialsninja_SearchProduct_Test -->
