<?xml version="1.0" encoding="UTF-8"?>
<!-- Generated by org.testng.reporters.JUnitReportReporter -->
<testsuite hostname="DESKTOP-GICHNOE" failures="0" tests="1" name="Demo.Login_Test" time="19.594" errors="0" timestamp="2023-10-08T08:55:44 IST" skipped="0">
  <testcase classname="Demo.Login_Test" name="Login" time="19.594"/>
</testsuite> <!-- Demo.Login_Test -->
