<?xml version="1.0" encoding="UTF-8"?>
<!-- Generated by org.testng.reporters.JUnitReportReporter -->
<testsuite hostname="DESKTOP-GICHNOE" failures="0" tests="1" name="Module2_RegisterPage_Test.tutorialsninja_RegisterPage_Test" time="7.433" errors="0" timestamp="2023-10-13T15:45:59 IST" skipped="0">
  <testcase classname="Module2_RegisterPage_Test.tutorialsninja_RegisterPage_Test" name="verifyRegisteraccountCreated" time="7.433"/>
</testsuite> <!-- Module2_RegisterPage_Test.tutorialsninja_RegisterPage_Test -->
