<?xml version="1.0" encoding="UTF-8"?>
<!-- Generated by org.testng.reporters.JUnitReportReporter -->
<testsuite hostname="DESKTOP-GICHNOE" failures="0" tests="1" name="Module1_LoginPage_Test.tutorialsninja_HomePage_Test" time="2.007" errors="0" timestamp="2023-10-10T15:17:57 IST" skipped="0">
  <testcase classname="Module1_LoginPage_Test.tutorialsninja_HomePage_Test" name="verifyaccount" time="2.007"/>
</testsuite> <!-- Module1_LoginPage_Test.tutorialsninja_HomePage_Test -->
